<?xml version="1.0" encoding="UTF-8"?>
<beans xmlns="http://www.springframework.org/schema/beans" xmlns:aop="http://www.springframework.org/schema/aop" xmlns:context="http://www.springframework.org/schema/context"
	xmlns:p="http://www.springframework.org/schema/p" xmlns:tx="http://www.springframework.org/schema/tx" xmlns:xsi="http://www.w3.org/2001/XMLSchema-instance" xmlns:cache="http://www.springframework.org/schema/cache"
	xsi:schemaLocation="http://www.springframework.org/schema/beans 
   http://www.springframework.org/schema/beans/spring-beans.xsd    
   http://www.springframework.org/schema/context 
   http://www.springframework.org/schema/context/spring-context.xsd   
   http://www.springframework.org/schema/aop  
   http://www.springframework.org/schema/aop/spring-aop.xsd    
   http://www.springframework.org/schema/tx  
   http://www.springframework.org/schema/tx/spring-tx.xsd"
	default-autowire="byName">

	<bean id="healthLogInterceptor" class="com.qa.main.interceptor.SQLAuditLogInterceptor" />

	<bean id="dataSource" class="org.apache.commons.dbcp.BasicDataSource" destroy-method="close">
		<property name="driverClassName" value="com.mysql.jdbc.Driver" />
		<property name="url" value="jdbc:mysql://127.0.0.1:3306/qa-core?autoReconnect=true" />
		<property name="username" value="root"></property>
		<property name="password" value="admin"></property>
	</bean>

	<!-- core-db配置 -->
	<bean id="sessionFactory" class="org.springframework.orm.hibernate4.LocalSessionFactoryBean">
		<property name="dataSource" ref="dataSource" />
		<property name="configLocation" value="classpath:test-hibernate-mysql.cfg.xml" />
		<property name="entityInterceptor" ref="healthLogInterceptor" />
		<property name="packagesToScan" value="com.qa.*.entity" />
	</bean>

	<bean id="transactionManager" class="org.springframework.orm.hibernate4.HibernateTransactionManager">
		<property name="sessionFactory" ref="sessionFactory" />
	</bean>

	<tx:annotation-driven transaction-manager="transactionManager" />

</beans>
