<?xml version="1.0" encoding="UTF-8"?>
<ehcache>
	<diskStore path="java.io.tmpdir"/>

    <defaultCache
            maxEntriesLocalHeap="1000"
            eternal="false"
            timeToIdleSeconds="3600"
            timeToLiveSeconds="3600"
            overflowToDisk="false">
    </defaultCache>
    
	<!-- 登陆缓存 -->
	<cache 
		name="loginCache"
		maxElementsInMemory="10000" 
		eternal="false"
		overflowToDisk="true" 
		timeToIdleSeconds="30000" 
		timeToLiveSeconds="60000"
		memoryStoreEvictionPolicy="FIFO" 
	/>
    
	<!-- 生活方式建议缓存 -->
	<cache name="lifeAdviceCache" maxElementsInMemory="10000" eternal="false" overflowToDisk="true" memoryStoreEvictionPolicy="FIFO" />

	<!-- 指标基础信息缓存 -->
	<cache name="itemCache" maxElementsInMemory="10000" eternal="false" overflowToDisk="true" memoryStoreEvictionPolicy="FIFO" />

	<!-- 疾病指标基础配置缓存 -->
	<cache name="diseaseItemCache" maxElementsInMemory="10000" eternal="false" overflowToDisk="true" memoryStoreEvictionPolicy="FIFO" />

	<!-- 疾病选项基础配置缓存 -->
	<cache name="diseaseOptionCache" maxElementsInMemory="10000" eternal="false" overflowToDisk="true" memoryStoreEvictionPolicy="FIFO" />

	<!-- 疾病缓存 -->
	<cache name="diseaseCache" maxElementsInMemory="10000" eternal="false" overflowToDisk="true" memoryStoreEvictionPolicy="FIFO" />

</ehcache>
<!--设置缓存文件 .data 的创建路径。
	<diskStore path="java.io.tmpdir"/>
         如果该路径是 Java 系统参数，当前虚拟机会重新赋值。

         下面的参数这样解释：
         user.home – 用户主目录
         user.dir      – 用户当前工作目录
         java.io.tmpdir – 默认临时文件路径 -->
    

<!-- 
	配置自定义缓存:
	maxElementsInMemory：缓存中允许创建的最大对象数
	eternal：缓存中对象是否为永久的，如果是，超时设置将被忽略，对象从不过期。
	timeToIdleSeconds：缓存数据的钝化时间，也就是在一个元素消亡之前，两次访问时间的最大时间间隔值，这只能在元素不是永久驻留时有效，如果该值是 0 就意味着元素可以停顿无穷长的时间。
	timeToLiveSeconds：缓存数据的生存时间，也就是一个元素从构建到消亡的最大时间间隔值，这只能在元素不是永久驻留时有效，如果该值是0就意味着元素可以停顿无穷长的时间。
	overflowToDisk：内存不足时，是否启用磁盘缓存。
	memoryStoreEvictionPolicy：缓存满了之后的淘汰算法。
-->
<!--
1.必须要有的属性：
name: cache的名字，用来识别不同的cache，必须惟一。
maxElementsInMemory: 内存管理的缓存元素数量最大限值。
maxElementsOnDisk: 硬盘管理的缓存元素数量最大限值。默认值为0，就是没有限制。
eternal: 设定元素是否持久话。若设为true，则缓存元素不会过期。
overflowToDisk: 设定是否在内存填满的时候把数据转到磁盘上。
2.下面是一些可选属性：
timeToIdleSeconds： 设定元素在过期前空闲状态的时间，只对非持久性缓存对象有效。默认值为0,值为0意味着元素可以闲置至无限长时间。
timeToLiveSeconds: 设定元素从创建到过期的时间。其他与timeToIdleSeconds类似。
diskPersistent: 设定在虚拟机重启时是否进行磁盘存储，默认为false.(我的直觉，对于安全小型应用，宜设为true)。
diskExpiryThreadIntervalSeconds: 访问磁盘线程活动时间。
diskSpoolBufferSizeMB: 存入磁盘时的缓冲区大小，默认30MB,每个缓存都有自己的缓冲区。
memoryStoreEvictionPolicy: 元素逐出缓存规则。共有三种，Recently Used (LRU)最近最少使用，为默认。 First In First Out (FIFO)，先进先出。Less Frequently Used(specified as LFU)最少使用
-->